epoch,acc,loss,val_acc,val_loss
0,0.32314,1.84565393909,0.4507,1.52315326653
1,0.45598,1.50075776196,0.5146,1.34463700771
2,0.51354,1.35950859955,0.5587,1.25961753521
3,0.55344,1.26024409641,0.5947,1.14667420406
4,0.58588,1.17308988594,0.6186,1.08857322998
5,0.61052,1.10739200008,0.6219,1.07426232967
6,0.62922,1.05059466768,0.6517,0.991619757462
7,0.64578,1.00937559008,0.6655,0.945905563927
8,0.66058,0.965507819405,0.6619,0.953792664623
9,0.67224,0.936202371807,0.6835,0.898235153484
10,0.68086,0.907297447433,0.6883,0.882850491047
11,0.69104,0.881337705307,0.7071,0.839006513691
12,0.70056,0.861264168215,0.7029,0.839667492962
13,0.70614,0.840774695091,0.7157,0.823566793633
14,0.71116,0.825691658087,0.7163,0.8162574193
15,0.71914,0.809552802906,0.7278,0.793041890717
16,0.7234,0.796947396488,0.7314,0.782245547771
17,0.7283,0.783520305243,0.7342,0.777502336788
18,0.73264,0.774485177927,0.7191,0.846986974144
19,0.7342,0.766451095667,0.7351,0.765874078083
20,0.73894,0.758657542477,0.7454,0.74663140831
21,0.7423,0.747474262094,0.7434,0.754970949364
22,0.74454,0.742898330755,0.7444,0.731111324692
23,0.7488,0.740634982872,0.7413,0.750905981636
24,0.74806,0.736522512684,0.7508,0.727725806427
25,0.75054,0.72856813468,0.7522,0.724863219738
26,0.7534,0.721707079582,0.7553,0.721761090088
27,0.75804,0.713975088444,0.7489,0.734873604965
28,0.75716,0.712909100723,0.7547,0.732801547146
29,0.7587,0.706427952585,0.764,0.692274169731
30,0.76062,0.704991418505,0.7576,0.706918899345
31,0.7625,0.701254708719,0.7549,0.720859522247
32,0.7664,0.696570446262,0.7697,0.674042824364
33,0.76678,0.689765208931,0.7634,0.684986598682
34,0.76684,0.691718402786,0.7582,0.70117150507
35,0.7697,0.681990224266,0.7627,0.688107415009
36,0.77092,0.682202736301,0.7657,0.706740631294
37,0.77114,0.68016871212,0.7683,0.701778647614
38,0.77364,0.676498406076,0.7522,0.728523659992
39,0.77414,0.668808156366,0.7669,0.690736464596
40,0.77704,0.667334560289,0.7715,0.67451889782
41,0.77516,0.661213630686,0.7686,0.692357803822
42,0.7763,0.660164282417,0.7713,0.679585335636
43,0.77936,0.660351629696,0.7704,0.690505569744
44,0.78142,0.65398214366,0.776,0.663859147549
45,0.77818,0.657228813086,0.7765,0.670850372696
46,0.78036,0.652985164757,0.7757,0.673887129879
47,0.7811,0.650976347485,0.7774,0.704301985168
48,0.78294,0.645002127199,0.7687,0.680395965862
49,0.78332,0.641342000027,0.7727,0.680522865677
50,0.78354,0.643325949965,0.7697,0.706929379177
51,0.78374,0.64550851655,0.7725,0.704496178722
52,0.78624,0.639275528831,0.7711,0.712701291656
53,0.78542,0.642606892443,0.7776,0.663027187061
54,0.78616,0.641362959375,0.7746,0.678883983707
55,0.785,0.641505042648,0.7708,0.688030458164
56,0.78642,0.636511347523,0.7755,0.672536142826
57,0.78558,0.635398975115,0.7834,0.659564042664
58,0.78676,0.634767641573,0.7863,0.650393684292
59,0.78846,0.634788382769,0.7795,0.71693665247
60,0.78744,0.636499412098,0.7704,0.697841968727
61,0.7904,0.633964056816,0.7874,0.651488430786
62,0.78994,0.630857291403,0.7677,0.69942497797
63,0.78854,0.632315696516,0.7768,0.679508419704
64,0.79202,0.62804800498,0.78,0.673328428268
65,0.78948,0.630857556577,0.786,0.652502450657
66,0.78894,0.632372394972,0.7682,0.696205935955
67,0.78994,0.627773145781,0.7703,0.726643979359
68,0.79002,0.631071963463,0.7838,0.649388224125
69,0.79058,0.623617497005,0.7837,0.665084238482
70,0.7911,0.62950659544,0.7736,0.678868240738
71,0.79026,0.628577355523,0.778,0.671339256954
72,0.79062,0.627410550661,0.772,0.690755608082
73,0.79044,0.627068429775,0.7738,0.699402911854
74,0.79098,0.625543859396,0.7703,0.703851067829
75,0.79022,0.624185506868,0.7663,0.726017917156
76,0.79028,0.626571459541,0.7775,0.696811992645
77,0.79176,0.625495486355,0.7814,0.671285194778
78,0.79286,0.626568197918,0.7679,0.717065228415
79,0.79352,0.621712542162,0.7636,0.73007069025
80,0.7894,0.631306818209,0.7585,0.751370977783
81,0.78966,0.628912662134,0.7727,0.685611981678
82,0.7894,0.631241205969,0.7845,0.67536554842
83,0.78994,0.627191033621,0.7669,0.697923711491
84,0.79154,0.628161892929,0.7733,0.690455015802
85,0.79016,0.627253945723,0.7746,0.695138224792
86,0.79082,0.636009607134,0.7702,0.714612067127
87,0.78922,0.634815547066,0.7865,0.68070510931
88,0.79312,0.624868276224,0.7796,0.675098369122
89,0.79282,0.628528897266,0.78,0.681788657188
90,0.79202,0.629239250793,0.7856,0.654628714609
91,0.78842,0.628488174562,0.7473,0.754912872791
92,0.79212,0.627970668592,0.7794,0.669359090233
93,0.79148,0.628361641684,0.7725,0.690070910072
94,0.79108,0.633729458098,0.7773,0.686806444979
95,0.7903,0.637190889149,0.7809,0.684011859417
96,0.79034,0.635541614876,0.7765,0.684623020458
97,0.7894,0.635153507977,0.7788,0.686277974319
98,0.7926,0.632159728098,0.747,0.789988755322
99,0.78964,0.632459815025,0.766,0.718533438015
100,0.78904,0.639317730007,0.7667,0.764962555981
101,0.7893,0.636401133432,0.7699,0.69814110527
102,0.78792,0.635496838846,0.7772,0.720857160187
103,0.78694,0.640981604357,0.7381,0.858620019054
104,0.78912,0.634319032745,0.7552,0.745550643921
105,0.78976,0.636081817956,0.7418,0.777595600224
106,0.78952,0.635709036903,0.7388,0.8203679492
107,0.78668,0.638731624308,0.7736,0.709489327335
108,0.7895,0.642663925781,0.721,0.892251110649
109,0.78998,0.636711119146,0.7574,0.757634920025
110,0.78718,0.643800453939,0.7784,0.671575444508
111,0.78706,0.645666188059,0.7631,0.737745628357
112,0.78924,0.644392767591,0.7803,0.700622554398
113,0.78814,0.646938495312,0.7773,0.697007151413
114,0.7876,0.641957873917,0.7475,0.89542843647
115,0.78914,0.644250422621,0.7817,0.693030796909
116,0.78708,0.652054646225,0.7581,0.814810613728
117,0.78808,0.648906959,0.7762,0.693524415684
118,0.78586,0.650058598704,0.7834,0.676400190926
119,0.78548,0.652648930759,0.7287,0.83378545332
120,0.7872,0.650542090788,0.7693,0.720624725437
121,0.78446,0.653747770739,0.753,0.735863796711
122,0.78668,0.65725464817,0.76,0.7422824193
123,0.7829,0.661870154142,0.7191,0.869627077675
124,0.78328,0.657296958208,0.773,0.696670510864
125,0.78198,0.660908924494,0.7651,0.746862882996
126,0.78422,0.660757705126,0.7845,0.677885473299
127,0.78514,0.657132660732,0.7752,0.718228910351
128,0.78382,0.666437971125,0.7565,0.754554131794
129,0.78216,0.667279269047,0.7798,0.696480861568
130,0.78304,0.665154100599,0.7596,0.791467278481
131,0.7847,0.665119295788,0.7252,0.852784219551
132,0.7815,0.673928849926,0.7828,0.700561691189
133,0.78238,0.670802332373,0.7696,0.762266934776
134,0.7818,0.671365136304,0.7448,0.850294981003
135,0.78002,0.673727862129,0.7777,0.683970296621
136,0.78154,0.672743465662,0.7573,0.840738771152
137,0.7801,0.678462742863,0.6965,1.02239654827
138,0.78046,0.677710204668,0.7608,0.786273611259
139,0.7814,0.679062359505,0.7739,0.709206765556
140,0.77806,0.68472416029,0.7472,0.836231357956
141,0.77812,0.687023856373,0.735,0.832243715858
142,0.77826,0.691368877296,0.7632,0.738087667084
143,0.7765,0.689370992041,0.7688,0.72974012928
144,0.77466,0.696358425837,0.7613,0.720838669014
145,0.77576,0.697887407017,0.759,0.768505869627
146,0.77524,0.694705267553,0.7504,0.767134572506
147,0.77406,0.701763479929,0.7521,0.755979532576
148,0.7721,0.701093493681,0.7227,0.890289346695
149,0.77396,0.701867394228,0.7662,0.724346964359
150,0.77344,0.709318153248,0.7538,0.848006826591
151,0.76984,0.713946795959,0.7447,0.782648011494
152,0.7707,0.706444966908,0.7504,0.782677899837
153,0.77006,0.714872848206,0.7431,0.785546803951
154,0.7681,0.713617556791,0.7467,0.774609505081
155,0.76926,0.719287702684,0.755,0.780846804237
156,0.76938,0.716141424289,0.7597,0.766853306198
157,0.76922,0.721787958989,0.7448,0.792453097439
158,0.76914,0.72600651906,0.7643,0.713028848457
159,0.76716,0.727496922188,0.7537,0.775633095741
160,0.76612,0.731726664371,0.7427,0.783770299339
161,0.76432,0.734370855122,0.7639,0.750311573219
162,0.76444,0.740664387035,0.7429,0.826002170658
163,0.76332,0.743869091377,0.748,0.811628605747
164,0.75826,0.757933597088,0.7535,0.799445195293
165,0.75988,0.760713379879,0.7015,0.936768959713
166,0.7581,0.772661116228,0.7568,0.757664504814
167,0.75288,0.778679627075,0.7758,0.719753746414
168,0.75234,0.787331573629,0.7483,0.808736335468
169,0.74788,0.790146514339,0.7544,0.748554287004
170,0.74776,0.798913917189,0.7217,0.919800363255
171,0.74692,0.802647760124,0.736,0.805260383797
172,0.74338,0.80853968379,0.7233,0.854919981766
173,0.74066,0.816917908039,0.7429,0.789407842445
174,0.74174,0.820621878042,0.7202,0.866716508007
175,0.73852,0.834683958473,0.7144,0.859224469948
176,0.73806,0.825856314383,0.7369,0.870856462765
177,0.73562,0.829985461426,0.687,0.910503457928
178,0.73798,0.826352398529,0.7557,0.772424836636
179,0.73362,0.840565011396,0.7346,0.86785420208
180,0.73328,0.840291375246,0.6639,1.00750040493
181,0.72936,0.850926191492,0.7278,0.91277167244
182,0.73182,0.856137721748,0.7194,0.847736325741
183,0.72672,0.860246695805,0.7096,1.00252727947
184,0.7241,0.873353039064,0.7119,0.888795059776
185,0.72328,0.876380822163,0.6519,1.08944029922
186,0.72124,0.882952398243,0.7411,0.800175078964
187,0.71816,0.903212017879,0.6802,1.01800430164
188,0.71564,0.905366314259,0.7091,0.903561127758
189,0.71476,0.919564120026,0.7186,0.923962506962
190,0.71366,0.915334800053,0.6542,1.07246394329
191,0.70958,0.922666282978,0.699,0.920065643501
192,0.70844,0.928082108116,0.7014,0.885714186382
193,0.70174,0.950140489473,0.7108,0.954975062561
194,0.70498,0.950407756672,0.6145,1.27335926971
195,0.69782,0.966349571915,0.6767,1.00573805523
196,0.69568,0.970348327751,0.6693,1.04096706333
197,0.69632,0.97973971983,0.7154,0.886203208637
198,0.6929,0.985779767942,0.7213,0.979390869522
199,0.6874,1.00059245611,0.712,0.993380907631
